Workout/Workout/app/build/intermediates/manifest_merge_blame_file/debug/manifest-merger-blame-debug-report.txt
1<?xml version="1.0" encoding="utf-8"?>
2<manifest xmlns:android="http://schemas.android.com/apk/res/android"
3    package="com.darkghostmods"
4    android:versionCode="1"
5    android:versionName="1.0" >
6
7    <uses-sdk
8        android:minSdkVersion="21"
8-->src\main\AndroidManifest.xml
9        android:targetSdkVersion="29" />
9-->src\main\AndroidManifest.xml
10
11    <uses-permission android:name="android.permission.INTERNET" />
11-->src\main\AndroidManifest.xml:4:2-64
11-->src\main\AndroidManifest.xml:4:19-61
12    <uses-permission android:name="android.permission.ACCESS_NETWORK_STATE" />
12-->src\main\AndroidManifest.xml:5:2-76
12-->src\main\AndroidManifest.xml:5:19-73
13    <uses-permission android:name="android.permission.READ_EXTERNAL_STORAGE" />
13-->src\main\AndroidManifest.xml:6:2-77
13-->src\main\AndroidManifest.xml:6:19-74
14    <uses-permission android:name="android.permission.WRITE_EXTERNAL_STORAGE" />
14-->src\main\AndroidManifest.xml:7:2-78
14-->src\main\AndroidManifest.xml:7:19-75
15
16    <application
16-->src\main\AndroidManifest.xml:8:2-58:16
17        android:allowBackup="true"
17-->src\main\AndroidManifest.xml:9:3-29
18        android:appComponentFactory="androidx.core.app.CoreComponentFactory"
18-->[androidx.core:core:1.5.0] AndroidManifest.xml:24:18-86
19        android:debuggable="true"
20        android:icon="@drawable/app_icon"
20-->src\main\AndroidManifest.xml:10:3-36
21        android:label="@string/app_name"
21-->src\main\AndroidManifest.xml:11:3-35
22        android:requestLegacyExternalStorage="true"
22-->src\main\AndroidManifest.xml:12:3-46
23        android:testOnly="true"
24        android:theme="@style/AppTheme"
24-->src\main\AndroidManifest.xml:14:3-34
25        android:usesCleartextTraffic="true" >
25-->src\main\AndroidManifest.xml:13:3-38
26        <activity
26-->src\main\AndroidManifest.xml:15:3-25:14
27            android:name="com.workout.scout.MainActivity"
27-->src\main\AndroidManifest.xml:16:4-49
28            android:configChanges="orientation|screenSize|keyboardHidden|smallestScreenSize|screenLayout"
28-->src\main\AndroidManifest.xml:17:4-97
29            android:hardwareAccelerated="true"
29-->src\main\AndroidManifest.xml:18:4-38
30            android:screenOrientation="portrait"
30-->src\main\AndroidManifest.xml:20:4-40
31            android:supportsPictureInPicture="true" >
31-->src\main\AndroidManifest.xml:19:4-43
32            <intent-filter>
32-->src\main\AndroidManifest.xml:21:4-24:20
33                <action android:name="android.intent.action.MAIN" />
33-->src\main\AndroidManifest.xml:22:5-57
33-->src\main\AndroidManifest.xml:22:13-54
34
35                <category android:name="android.intent.category.LAUNCHER" />
35-->src\main\AndroidManifest.xml:23:5-65
35-->src\main\AndroidManifest.xml:23:15-62
36            </intent-filter>
37        </activity>
38        <activity
38-->src\main\AndroidManifest.xml:26:3-32:34
39            android:name="com.scout.HomeActivity"
39-->src\main\AndroidManifest.xml:27:4-41
40            android:configChanges="orientation|screenSize|keyboardHidden|smallestScreenSize|screenLayout"
40-->src\main\AndroidManifest.xml:28:4-97
41            android:hardwareAccelerated="true"
41-->src\main\AndroidManifest.xml:29:4-38
42            android:screenOrientation="portrait"
42-->src\main\AndroidManifest.xml:31:4-40
43            android:supportsPictureInPicture="true" />
43-->src\main\AndroidManifest.xml:30:4-43
44
45        <meta-data
45-->src\main\AndroidManifest.xml:33:3-35:60
46            android:name="com.google.android.gms.version"
46-->src\main\AndroidManifest.xml:34:4-49
47            android:value="@integer/google_play_services_version" />
47-->src\main\AndroidManifest.xml:35:4-57
48
49        <provider
49-->src\main\AndroidManifest.xml:36:3-41:30
50            android:name="com.google.firebase.provider.FirebaseInitProvider"
50-->src\main\AndroidManifest.xml:37:4-68
51            android:authorities="com.scout.firebaseinitprovider"
51-->src\main\AndroidManifest.xml:38:4-56
52            android:exported="false"
52-->src\main\AndroidManifest.xml:39:4-28
53            android:initOrder="100" />
53-->src\main\AndroidManifest.xml:41:4-27
54
55        <service
55-->src\main\AndroidManifest.xml:42:3-54:13
56            android:name="com.google.firebase.components.ComponentDiscoveryService"
56-->src\main\AndroidManifest.xml:43:4-75
57            android:exported="false" >
57-->src\main\AndroidManifest.xml:44:4-28
58            <meta-data
58-->src\main\AndroidManifest.xml:45:4-47:73
59                android:name="com.google.firebase.components:com.google.firebase.auth.FirebaseAuthRegistrar"
59-->src\main\AndroidManifest.xml:46:5-97
60                android:value="com.google.firebase.components.ComponentRegistrar" />
60-->src\main\AndroidManifest.xml:47:5-70
61            <meta-data
61-->src\main\AndroidManifest.xml:48:4-50:73
62                android:name="com.google.firebase.components:com.google.firebase.database.DatabaseRegistrar"
62-->src\main\AndroidManifest.xml:49:5-97
63                android:value="com.google.firebase.components.ComponentRegistrar" />
63-->src\main\AndroidManifest.xml:50:5-70
64            <meta-data
64-->src\main\AndroidManifest.xml:51:4-53:73
65                android:name="com.google.firebase.components:com.google.firebase.storage.StorageRegistrar"
65-->src\main\AndroidManifest.xml:52:5-95
66                android:value="com.google.firebase.components.ComponentRegistrar" />
66-->src\main\AndroidManifest.xml:53:5-70
67        </service>
68
69        <uses-library
69-->src\main\AndroidManifest.xml:55:3-57:31
70            android:name="org.apache.http.legacy"
70-->src\main\AndroidManifest.xml:56:4-41
71            android:required="false" />
71-->src\main\AndroidManifest.xml:57:4-28
72
73        <activity
73-->[com.google.firebase:firebase-auth:19.0.0] AndroidManifest.xml:24:9-31:50
74            android:name="com.google.firebase.auth.internal.FederatedSignInActivity"
74-->[com.google.firebase:firebase-auth:19.0.0] AndroidManifest.xml:25:13-85
75            android:excludeFromRecents="true"
75-->[com.google.firebase:firebase-auth:19.0.0] AndroidManifest.xml:26:13-46
76            android:exported="true"
76-->[com.google.firebase:firebase-auth:19.0.0] AndroidManifest.xml:27:13-36
77            android:launchMode="singleTask"
77-->[com.google.firebase:firebase-auth:19.0.0] AndroidManifest.xml:28:13-44
78            android:permission="com.google.firebase.auth.api.gms.permission.LAUNCH_FEDERATED_SIGN_IN"
78-->[com.google.firebase:firebase-auth:19.0.0] AndroidManifest.xml:29:13-102
79            android:theme="@android:style/Theme.Translucent.NoTitleBar" />
79-->[com.google.firebase:firebase-auth:19.0.0] AndroidManifest.xml:30:13-72
80        <activity
80-->[com.google.android.gms:play-services-base:17.1.0] AndroidManifest.xml:23:9-26:75
81            android:name="com.google.android.gms.common.api.GoogleApiActivity"
81-->[com.google.android.gms:play-services-base:17.1.0] AndroidManifest.xml:24:13-79
82            android:exported="false"
82-->[com.google.android.gms:play-services-base:17.1.0] AndroidManifest.xml:25:13-37
83            android:theme="@android:style/Theme.Translucent.NoTitleBar" />
83-->[com.google.android.gms:play-services-base:17.1.0] AndroidManifest.xml:26:13-72
84    </application>
85
86</manifest>